<?xml version="1.0" encoding="UTF-8"?>
<!-- Generated by org.testng.reporters.JUnitReportReporter -->
<testsuite hostname="XX0902000250" name="runners.TestRunner" tests="1" failures="0" timestamp="4 Apr 2018 07:10:58 GMT" time="28.092" errors="0">
  <testcase name="feature" time="28.092" classname="runners.TestRunner"/>
</testsuite> <!-- runners.TestRunner -->
